[debug] [2025-05-25T02:16:17.083Z] ----------------------------------------------------------------------
[debug] [2025-05-25T02:16:17.085Z] Command:       C:\Program Files\nodejs\node.exe C:\Users\Kurt Pantaleon\AppData\Roaming\npm\node_modules\firebase-tools\lib\bin\firebase.js init functions
[debug] [2025-05-25T02:16:17.086Z] CLI Version:   14.4.0
[debug] [2025-05-25T02:16:17.086Z] Platform:      win32
[debug] [2025-05-25T02:16:17.086Z] Node Version:  v22.12.0
[debug] [2025-05-25T02:16:17.086Z] Time:          Sun May 25 2025 10:16:17 GMT+0800 (Philippine Standard Time)
[debug] [2025-05-25T02:16:17.086Z] ----------------------------------------------------------------------
[debug] 
[debug] [2025-05-25T02:16:17.092Z] > command requires scopes: ["email","openid","https://www.googleapis.com/auth/cloudplatformprojects.readonly","https://www.googleapis.com/auth/firebase","https://www.googleapis.com/auth/cloud-platform"]
[debug] [2025-05-25T02:16:17.093Z] > authorizing via signed-in user (kurtkurt05pantaleon@gmail.com)
[info] 
     ######## #### ########  ######## ########     ###     ######  ########
     ##        ##  ##     ## ##       ##     ##  ##   ##  ##       ##
     ######    ##  ########  ######   ########  #########  ######  ######
     ##        ##  ##    ##  ##       ##     ## ##     ##       ## ##
     ##       #### ##     ## ######## ########  ##     ##  ######  ########

You're about to initialize a Firebase project in this directory:

  C:\Users\Kurt Pantaleon\Documents\GitHub\Structify

[info] 
=== Project Setup
[info] 
[info] First, let's associate this project directory with a Firebase project.
[info] You can create multiple project aliases by running firebase use --add, 
[info] but for now we'll just set up a default project.
[info] 
[debug] [2025-05-25T02:17:36.008Z] ----------------------------------------------------------------------
[debug] [2025-05-25T02:17:36.011Z] Command:       C:\Program Files\nodejs\node.exe C:\Users\Kurt Pantaleon\AppData\Roaming\npm\node_modules\firebase-tools\lib\bin\firebase.js init functions
[debug] [2025-05-25T02:17:36.011Z] CLI Version:   14.4.0
[debug] [2025-05-25T02:17:36.011Z] Platform:      win32
[debug] [2025-05-25T02:17:36.011Z] Node Version:  v22.12.0
[debug] [2025-05-25T02:17:36.012Z] Time:          Sun May 25 2025 10:17:36 GMT+0800 (Philippine Standard Time)
[debug] [2025-05-25T02:17:36.012Z] ----------------------------------------------------------------------
[debug] 
[debug] [2025-05-25T02:17:36.020Z] > command requires scopes: ["email","openid","https://www.googleapis.com/auth/cloudplatformprojects.readonly","https://www.googleapis.com/auth/firebase","https://www.googleapis.com/auth/cloud-platform"]
[debug] [2025-05-25T02:17:36.021Z] > authorizing via signed-in user (kurtkurt05pantaleon@gmail.com)
[info] 
     ######## #### ########  ######## ########     ###     ######  ########
     ##        ##  ##     ## ##       ##     ##  ##   ##  ##       ##
     ######    ##  ########  ######   ########  #########  ######  ######
     ##        ##  ##    ##  ##       ##     ## ##     ##       ## ##
     ##       #### ##     ## ######## ########  ##     ##  ######  ########

You're about to initialize a Firebase project in this directory:

  C:\Users\Kurt Pantaleon\Documents\GitHub\Structify

[info] 
=== Project Setup
[info] 
[info] First, let's associate this project directory with a Firebase project.
[info] You can create multiple project aliases by running firebase use --add, 
[info] but for now we'll just set up a default project.
[info] 
[debug] [2025-05-25T02:17:40.070Z] Checked if tokens are valid: false, expires at: 1744906599490
[debug] [2025-05-25T02:17:40.070Z] Checked if tokens are valid: false, expires at: 1744906599490
[debug] [2025-05-25T02:17:40.070Z] > refreshing access token with scopes: []
[debug] [2025-05-25T02:17:40.072Z] >>> [apiv2][query] POST https://www.googleapis.com/oauth2/v3/token [none]
[debug] [2025-05-25T02:17:40.072Z] >>> [apiv2][body] POST https://www.googleapis.com/oauth2/v3/token [omitted]
[debug] [2025-05-25T02:17:40.309Z] <<< [apiv2][status] POST https://www.googleapis.com/oauth2/v3/token 200
[debug] [2025-05-25T02:17:40.309Z] <<< [apiv2][body] POST https://www.googleapis.com/oauth2/v3/token [omitted]
[debug] [2025-05-25T02:17:40.319Z] >>> [apiv2][query] GET https://firebase.googleapis.com/v1beta1/projects pageSize=100
[debug] [2025-05-25T02:17:40.914Z] <<< [apiv2][status] GET https://firebase.googleapis.com/v1beta1/projects 200
[debug] [2025-05-25T02:17:40.914Z] <<< [apiv2][body] GET https://firebase.googleapis.com/v1beta1/projects [omitted]
[info] i  Using project structify-f712f (Structify) 
[info] 
=== Functions Setup
[debug] [2025-05-25T02:17:43.194Z] > command requires scopes: ["email","openid","https://www.googleapis.com/auth/cloudplatformprojects.readonly","https://www.googleapis.com/auth/firebase","https://www.googleapis.com/auth/cloud-platform"]
[debug] [2025-05-25T02:17:43.195Z] > authorizing via signed-in user (kurtkurt05pantaleon@gmail.com)
[debug] [2025-05-25T02:17:43.195Z] [iam] checking project structify-f712f for permissions ["firebase.projects.get"]
[debug] [2025-05-25T02:17:43.195Z] Checked if tokens are valid: true, expires at: 1748143059309
[debug] [2025-05-25T02:17:43.195Z] Checked if tokens are valid: true, expires at: 1748143059309
[debug] [2025-05-25T02:17:43.195Z] >>> [apiv2][query] POST https://cloudresourcemanager.googleapis.com/v1/projects/structify-f712f:testIamPermissions [none]
[debug] [2025-05-25T02:17:43.195Z] >>> [apiv2][(partial)header] POST https://cloudresourcemanager.googleapis.com/v1/projects/structify-f712f:testIamPermissions x-goog-quota-user=projects/structify-f712f
[debug] [2025-05-25T02:17:43.195Z] >>> [apiv2][body] POST https://cloudresourcemanager.googleapis.com/v1/projects/structify-f712f:testIamPermissions {"permissions":["firebase.projects.get"]}
[debug] [2025-05-25T02:17:44.191Z] <<< [apiv2][status] POST https://cloudresourcemanager.googleapis.com/v1/projects/structify-f712f:testIamPermissions 200
[debug] [2025-05-25T02:17:44.191Z] <<< [apiv2][body] POST https://cloudresourcemanager.googleapis.com/v1/projects/structify-f712f:testIamPermissions {"permissions":["firebase.projects.get"]}
[debug] [2025-05-25T02:17:44.192Z] Checked if tokens are valid: true, expires at: 1748143059309
[debug] [2025-05-25T02:17:44.192Z] Checked if tokens are valid: true, expires at: 1748143059309
[debug] [2025-05-25T02:17:44.192Z] Checked if tokens are valid: true, expires at: 1748143059309
[debug] [2025-05-25T02:17:44.192Z] Checked if tokens are valid: true, expires at: 1748143059309
[debug] [2025-05-25T02:17:44.192Z] >>> [apiv2][query] GET https://serviceusage.googleapis.com/v1/projects/structify-f712f/services/cloudfunctions.googleapis.com [none]
[debug] [2025-05-25T02:17:44.192Z] >>> [apiv2][(partial)header] GET https://serviceusage.googleapis.com/v1/projects/structify-f712f/services/cloudfunctions.googleapis.com x-goog-quota-user=projects/structify-f712f
[debug] [2025-05-25T02:17:44.193Z] >>> [apiv2][query] GET https://serviceusage.googleapis.com/v1/projects/structify-f712f/services/runtimeconfig.googleapis.com [none]
[debug] [2025-05-25T02:17:44.193Z] >>> [apiv2][(partial)header] GET https://serviceusage.googleapis.com/v1/projects/structify-f712f/services/runtimeconfig.googleapis.com x-goog-quota-user=projects/structify-f712f
[debug] [2025-05-25T02:17:45.626Z] <<< [apiv2][status] GET https://serviceusage.googleapis.com/v1/projects/structify-f712f/services/runtimeconfig.googleapis.com 200
[debug] [2025-05-25T02:17:45.626Z] <<< [apiv2][body] GET https://serviceusage.googleapis.com/v1/projects/structify-f712f/services/runtimeconfig.googleapis.com [omitted]
[debug] [2025-05-25T02:17:45.627Z] <<< [apiv2][status] GET https://serviceusage.googleapis.com/v1/projects/structify-f712f/services/cloudfunctions.googleapis.com 200
[debug] [2025-05-25T02:17:45.627Z] <<< [apiv2][body] GET https://serviceusage.googleapis.com/v1/projects/structify-f712f/services/cloudfunctions.googleapis.com [omitted]
[info] Let's create a new codebase for your functions.
[info] A directory corresponding to the codebase will be created in your project
[info] with sample code pre-configured.

[info] See https://firebase.google.com/docs/functions/organize-functions for
[info] more information on organizing your functions using codebases.

[info] Functions can be deployed with firebase deploy.

[info] +  Wrote functions/package.json 
[info] +  Wrote functions/index.js 
[info] +  Wrote functions/.gitignore 
